<?xml version="1.0" encoding="utf-8"?><testsuites><testsuite name="pytest" errors="0" failures="0" skipped="0" tests="14" time="4.383" timestamp="2026-08-13T15:55:21.600099+08:00" hostname="dsw-925252-7796557db6-j84nn"><testcase classname="tests.test_core" name="test_command_and_imagination_never_directly_realize" time="0.001" /><testcase classname="tests.test_core" name="test_verification_rejects_same_physical_frame_under_new_id" time="0.001" /><testcase classname="tests.test_core" name="test_contradiction_invalidates_blocks_dependents_and_is_idempotent" time="0.001" /><testcase classname="tests.test_core" name="test_bounded_resident_cache_keeps_append_only_provenance" time="0.001" /><testcase classname="tests.test_core" name="test_tiny_actor_shape_and_parameter_limit" time="0.487" /><testcase classname="tests.test_core" name="test_checkpoint_retention_contract" time="0.075" /><testcase classname="tests.test_phase1b" name="test_skill_actor_interface_is_memory_decoupled" time="0.006" /><testcase classname="tests.test_phase1b" name="test_actor_bytes_identical_across_memory_arms_before_decision_divergence" time="0.232" /><testcase classname="tests.test_phase1b" name="test_actor_rejects_nonfrozen_execution_mode" time="0.002" /><testcase classname="tests.test_phase1b" name="test_primary_architecture_shape_backward_and_parameter_ceiling" time="2.236" /><testcase classname="tests.test_phase1b" name="test_history_and_chunk_construction_are_causal_and_segment_bounded" time="0.001" /><testcase classname="tests.test_phase1b" name="test_real_data_builder_matches_frozen_audit_counts_and_balancing" time="0.584" /><testcase classname="tests.test_phase1b" name="test_paired_prefix_audit_allows_divergence_only_after_memory_decision" time="0.000" /><testcase classname="tests.test_phase1b" name="test_paired_prefix_audit_rejects_predecision_actor_drift" time="0.000" /></testsuite></testsuites>