<?xml version="1.0" encoding="utf-8"?><testsuites><testsuite name="pytest" errors="0" failures="0" skipped="0" tests="6" time="0.591" timestamp="2026-08-13T12:55:41.634465+08:00" hostname="dsw-925252-7796557db6-j84nn"><testcase classname="tests.test_core" name="test_command_and_imagination_never_directly_realize" time="0.001" /><testcase classname="tests.test_core" name="test_verification_rejects_same_physical_frame_under_new_id" time="0.001" /><testcase classname="tests.test_core" name="test_contradiction_invalidates_blocks_dependents_and_is_idempotent" time="0.001" /><testcase classname="tests.test_core" name="test_bounded_resident_cache_keeps_append_only_provenance" time="0.000" /><testcase classname="tests.test_core" name="test_tiny_actor_shape_and_parameter_limit" time="0.276" /><testcase classname="tests.test_core" name="test_checkpoint_retention_contract" time="0.075" /></testsuite></testsuites>